Analysis & Synthesis report for vhdl-mips
Wed Apr 21 14:24:40 2021
Quartus Prime Version 17.1.0 Build 590 10/25/2017 SJ Lite Edition


---------------------
; Table of Contents ;
---------------------
  1. Legal Notice
  2. Analysis & Synthesis Summary
  3. Analysis & Synthesis Settings
  4. Parallel Compilation
  5. Analysis & Synthesis Source Files Read
  6. Analysis & Synthesis Resource Usage Summary
  7. Analysis & Synthesis Resource Utilization by Entity
  8. General Register Statistics
  9. Parameter Settings for User Entity Instance: mips:mips|datapath:dp|program_counter:PC_inst
 10. Port Connectivity Checks: "mips:mips|datapath:dp|sign_extend:se"
 11. Post-Synthesis Netlist Statistics for Top Partition
 12. Elapsed Time Per Partition
 13. Analysis & Synthesis Messages



----------------
; Legal Notice ;
----------------
Copyright (C) 2017  Intel Corporation. All rights reserved.
Your use of Intel Corporation's design tools, logic functions 
and other software and tools, and its AMPP partner logic 
functions, and any output files from any of the foregoing 
(including device programming or simulation files), and any 
associated documentation or information are expressly subject 
to the terms and conditions of the Intel Program License 
Subscription Agreement, the Intel Quartus Prime License Agreement,
the Intel FPGA IP License Agreement, or other applicable license
agreement, including, without limitation, that your use is for
the sole purpose of programming logic devices manufactured by
Intel and sold by Intel or its authorized distributors.  Please
refer to the applicable agreement for further details.



+----------------------------------------------------------------------------------+
; Analysis & Synthesis Summary                                                     ;
+------------------------------------+---------------------------------------------+
; Analysis & Synthesis Status        ; Successful - Wed Apr 21 14:24:40 2021       ;
; Quartus Prime Version              ; 17.1.0 Build 590 10/25/2017 SJ Lite Edition ;
; Revision Name                      ; vhdl-mips                                   ;
; Top-level Entity Name              ; DE10_LITE_Golden_Top                        ;
; Family                             ; MAX 10                                      ;
; Total logic elements               ; 0                                           ;
;     Total combinational functions  ; 0                                           ;
;     Dedicated logic registers      ; 0                                           ;
; Total registers                    ; 0                                           ;
; Total pins                         ; 185                                         ;
; Total virtual pins                 ; 0                                           ;
; Total memory bits                  ; 0                                           ;
; Embedded Multiplier 9-bit elements ; 0                                           ;
; Total PLLs                         ; 0                                           ;
; UFM blocks                         ; 0                                           ;
; ADC blocks                         ; 0                                           ;
+------------------------------------+---------------------------------------------+


+------------------------------------------------------------------------------------------------------------------------+
; Analysis & Synthesis Settings                                                                                          ;
+----------------------------------------------------------------------------+----------------------+--------------------+
; Option                                                                     ; Setting              ; Default Value      ;
+----------------------------------------------------------------------------+----------------------+--------------------+
; Device                                                                     ; 10M50DAF484C6GES     ;                    ;
; Top-level entity name                                                      ; DE10_LITE_Golden_Top ; vhdl-mips          ;
; Family name                                                                ; MAX 10               ; Cyclone V          ;
; VHDL Show LMF Mapping Messages                                             ; Off                  ;                    ;
; VHDL Version                                                               ; VHDL_2008            ; VHDL_1993          ;
; Use smart compilation                                                      ; Off                  ; Off                ;
; Enable parallel Assembler and TimeQuest Timing Analyzer during compilation ; On                   ; On                 ;
; Enable compact report table                                                ; Off                  ; Off                ;
; Restructure Multiplexers                                                   ; Auto                 ; Auto               ;
; Create Debugging Nodes for IP Cores                                        ; Off                  ; Off                ;
; Preserve fewer node names                                                  ; On                   ; On                 ;
; Intel FPGA IP Evaluation Mode                                              ; Enable               ; Enable             ;
; Verilog Version                                                            ; Verilog_2001         ; Verilog_2001       ;
; State Machine Processing                                                   ; Auto                 ; Auto               ;
; Safe State Machine                                                         ; Off                  ; Off                ;
; Extract Verilog State Machines                                             ; On                   ; On                 ;
; Extract VHDL State Machines                                                ; On                   ; On                 ;
; Ignore Verilog initial constructs                                          ; Off                  ; Off                ;
; Iteration limit for constant Verilog loops                                 ; 5000                 ; 5000               ;
; Iteration limit for non-constant Verilog loops                             ; 250                  ; 250                ;
; Add Pass-Through Logic to Inferred RAMs                                    ; On                   ; On                 ;
; Infer RAMs from Raw Logic                                                  ; On                   ; On                 ;
; Parallel Synthesis                                                         ; On                   ; On                 ;
; DSP Block Balancing                                                        ; Auto                 ; Auto               ;
; NOT Gate Push-Back                                                         ; On                   ; On                 ;
; Power-Up Don't Care                                                        ; On                   ; On                 ;
; Remove Redundant Logic Cells                                               ; Off                  ; Off                ;
; Remove Duplicate Registers                                                 ; On                   ; On                 ;
; Ignore CARRY Buffers                                                       ; Off                  ; Off                ;
; Ignore CASCADE Buffers                                                     ; Off                  ; Off                ;
; Ignore GLOBAL Buffers                                                      ; Off                  ; Off                ;
; Ignore ROW GLOBAL Buffers                                                  ; Off                  ; Off                ;
; Ignore LCELL Buffers                                                       ; Off                  ; Off                ;
; Ignore SOFT Buffers                                                        ; On                   ; On                 ;
; Limit AHDL Integers to 32 Bits                                             ; Off                  ; Off                ;
; Optimization Technique                                                     ; Balanced             ; Balanced           ;
; Carry Chain Length                                                         ; 70                   ; 70                 ;
; Auto Carry Chains                                                          ; On                   ; On                 ;
; Auto Open-Drain Pins                                                       ; On                   ; On                 ;
; Perform WYSIWYG Primitive Resynthesis                                      ; Off                  ; Off                ;
; Auto ROM Replacement                                                       ; On                   ; On                 ;
; Auto RAM Replacement                                                       ; On                   ; On                 ;
; Auto DSP Block Replacement                                                 ; On                   ; On                 ;
; Auto Shift Register Replacement                                            ; Auto                 ; Auto               ;
; Allow Shift Register Merging across Hierarchies                            ; Auto                 ; Auto               ;
; Auto Clock Enable Replacement                                              ; On                   ; On                 ;
; Strict RAM Replacement                                                     ; Off                  ; Off                ;
; Allow Synchronous Control Signals                                          ; On                   ; On                 ;
; Force Use of Synchronous Clear Signals                                     ; Off                  ; Off                ;
; Auto RAM Block Balancing                                                   ; On                   ; On                 ;
; Auto RAM to Logic Cell Conversion                                          ; Off                  ; Off                ;
; Auto Resource Sharing                                                      ; Off                  ; Off                ;
; Allow Any RAM Size For Recognition                                         ; Off                  ; Off                ;
; Allow Any ROM Size For Recognition                                         ; Off                  ; Off                ;
; Allow Any Shift Register Size For Recognition                              ; Off                  ; Off                ;
; Use LogicLock Constraints during Resource Balancing                        ; On                   ; On                 ;
; Ignore translate_off and synthesis_off directives                          ; Off                  ; Off                ;
; Timing-Driven Synthesis                                                    ; On                   ; On                 ;
; Report Parameter Settings                                                  ; On                   ; On                 ;
; Report Source Assignments                                                  ; On                   ; On                 ;
; Report Connectivity Checks                                                 ; On                   ; On                 ;
; Ignore Maximum Fan-Out Assignments                                         ; Off                  ; Off                ;
; Synchronization Register Chain Length                                      ; 2                    ; 2                  ;
; Power Optimization During Synthesis                                        ; Normal compilation   ; Normal compilation ;
; HDL message level                                                          ; Level2               ; Level2             ;
; Suppress Register Optimization Related Messages                            ; Off                  ; Off                ;
; Number of Removed Registers Reported in Synthesis Report                   ; 5000                 ; 5000               ;
; Number of Swept Nodes Reported in Synthesis Report                         ; 5000                 ; 5000               ;
; Number of Inverted Registers Reported in Synthesis Report                  ; 100                  ; 100                ;
; Clock MUX Protection                                                       ; On                   ; On                 ;
; Auto Gated Clock Conversion                                                ; Off                  ; Off                ;
; Block Design Naming                                                        ; Auto                 ; Auto               ;
; SDC constraint protection                                                  ; Off                  ; Off                ;
; Synthesis Effort                                                           ; Auto                 ; Auto               ;
; Shift Register Replacement - Allow Asynchronous Clear Signal               ; On                   ; On                 ;
; Pre-Mapping Resynthesis Optimization                                       ; Off                  ; Off                ;
; Analysis & Synthesis Message Level                                         ; Medium               ; Medium             ;
; Disable Register Merging Across Hierarchies                                ; Auto                 ; Auto               ;
; Resource Aware Inference For Block RAM                                     ; On                   ; On                 ;
+----------------------------------------------------------------------------+----------------------+--------------------+


+------------------------------------------+
; Parallel Compilation                     ;
+----------------------------+-------------+
; Processors                 ; Number      ;
+----------------------------+-------------+
; Number detected on machine ; 12          ;
; Maximum allowed            ; 12          ;
;                            ;             ;
; Average used               ; 1.00        ;
; Maximum used               ; 1           ;
;                            ;             ;
; Usage by Processor         ; % Time Used ;
;     Processor 1            ; 100.0%      ;
+----------------------------+-------------+


+----------------------------------------------------------------------------------------------------------------------------------------------------+
; Analysis & Synthesis Source Files Read                                                                                                             ;
+----------------------------------+-----------------+-----------------+-------------------------------------------------------------------+---------+
; File Name with User-Entered Path ; Used in Netlist ; File Type       ; File Name with Absolute Path                                      ; Library ;
+----------------------------------+-----------------+-----------------+-------------------------------------------------------------------+---------+
; ../sign_extend.vhd               ; yes             ; User VHDL File  ; D:/Documents/_UAH/VLSI/vhdl-mips/sign_extend.vhd                  ;         ;
; ../program_counter.vhd           ; yes             ; User VHDL File  ; D:/Documents/_UAH/VLSI/vhdl-mips/program_counter.vhd              ;         ;
; ../mips.vhd                      ; yes             ; User VHDL File  ; D:/Documents/_UAH/VLSI/vhdl-mips/mips.vhd                         ;         ;
; ../memory.vhd                    ; yes             ; User VHDL File  ; D:/Documents/_UAH/VLSI/vhdl-mips/memory.vhd                       ;         ;
; ../datapath.vhd                  ; yes             ; User VHDL File  ; D:/Documents/_UAH/VLSI/vhdl-mips/datapath.vhd                     ;         ;
; ../control.vhd                   ; yes             ; User VHDL File  ; D:/Documents/_UAH/VLSI/vhdl-mips/control.vhd                      ;         ;
; ../alu_control.vhd               ; yes             ; User VHDL File  ; D:/Documents/_UAH/VLSI/vhdl-mips/alu_control.vhd                  ;         ;
; ../alu.vhd                       ; yes             ; User VHDL File  ; D:/Documents/_UAH/VLSI/vhdl-mips/alu.vhd                          ;         ;
; DE10_LITE_Golden_Top.vhd         ; yes             ; User VHDL File  ; D:/Documents/_UAH/VLSI/vhdl-mips/quartus/DE10_LITE_Golden_Top.vhd ;         ;
+----------------------------------+-----------------+-----------------+-------------------------------------------------------------------+---------+


+--------------------------------------------------------------+
; Analysis & Synthesis Resource Usage Summary                  ;
+---------------------------------------------+----------------+
; Resource                                    ; Usage          ;
+---------------------------------------------+----------------+
;                                             ;                ;
; Total combinational functions               ; 0              ;
; Logic element usage by number of LUT inputs ;                ;
;     -- 4 input functions                    ; 0              ;
;     -- 3 input functions                    ; 0              ;
;     -- <=2 input functions                  ; 0              ;
;                                             ;                ;
; Logic elements by mode                      ;                ;
;     -- normal mode                          ; 0              ;
;     -- arithmetic mode                      ; 0              ;
;                                             ;                ;
; Total registers                             ; 0              ;
;     -- Dedicated logic registers            ; 0              ;
;     -- I/O registers                        ; 0              ;
;                                             ;                ;
; I/O pins                                    ; 185            ;
;                                             ;                ;
; Embedded Multiplier 9-bit elements          ; 0              ;
;                                             ;                ;
; Maximum fan-out node                        ; LEDR[9]~output ;
; Maximum fan-out                             ; 1              ;
; Total fan-out                               ; 196            ;
; Average fan-out                             ; 0.52           ;
+---------------------------------------------+----------------+


+-----------------------------------------------------------------------------------------------------------------------------------------------------------------------------------------------------------------------------------------------+
; Analysis & Synthesis Resource Utilization by Entity                                                                                                                                                                                           ;
+----------------------------+---------------------+---------------------------+-------------+------------+--------------+---------+-----------+------+--------------+------------+-----------------------+----------------------+--------------+
; Compilation Hierarchy Node ; Combinational ALUTs ; Dedicated Logic Registers ; Memory Bits ; UFM Blocks ; DSP Elements ; DSP 9x9 ; DSP 18x18 ; Pins ; Virtual Pins ; ADC blocks ; Full Hierarchy Name   ; Entity Name          ; Library Name ;
+----------------------------+---------------------+---------------------------+-------------+------------+--------------+---------+-----------+------+--------------+------------+-----------------------+----------------------+--------------+
; |DE10_LITE_Golden_Top      ; 0 (0)               ; 0 (0)                     ; 0           ; 0          ; 0            ; 0       ; 0         ; 185  ; 0            ; 0          ; |DE10_LITE_Golden_Top ; DE10_LITE_Golden_Top ; work         ;
+----------------------------+---------------------+---------------------------+-------------+------------+--------------+---------+-----------+------+--------------+------------+-----------------------+----------------------+--------------+
Note: For table entries with two numbers listed, the numbers in parentheses indicate the number of resources of the given type used by the specific entity alone. The numbers listed outside of parentheses indicate the total resources of the given type used by the specific entity and all of its sub-entities in the hierarchy.


+------------------------------------------------------+
; General Register Statistics                          ;
+----------------------------------------------+-------+
; Statistic                                    ; Value ;
+----------------------------------------------+-------+
; Total registers                              ; 0     ;
; Number of registers using Synchronous Clear  ; 0     ;
; Number of registers using Synchronous Load   ; 0     ;
; Number of registers using Asynchronous Clear ; 0     ;
; Number of registers using Asynchronous Load  ; 0     ;
; Number of registers using Clock Enable       ; 0     ;
; Number of registers using Preset             ; 0     ;
+----------------------------------------------+-------+


+--------------------------------------------------------------------------------------------+
; Parameter Settings for User Entity Instance: mips:mips|datapath:dp|program_counter:PC_inst ;
+----------------+-------+-------------------------------------------------------------------+
; Parameter Name ; Value ; Type                                                              ;
+----------------+-------+-------------------------------------------------------------------+
; pcstart        ; 128   ; Signed Integer                                                    ;
+----------------+-------+-------------------------------------------------------------------+
Note: In order to hide this table in the UI and the text report file, please set the "Show Parameter Settings in Synthesis Report" option in "Analysis and Synthesis Settings -> More Settings" to "Off".


+--------------------------------------------------------------------------------------------------------------------+
; Port Connectivity Checks: "mips:mips|datapath:dp|sign_extend:se"                                                   ;
+----------+--------+----------+-------------------------------------------------------------------------------------+
; Port     ; Type   ; Severity ; Details                                                                             ;
+----------+--------+----------+-------------------------------------------------------------------------------------+
; out_bits ; Output ; Info     ; Connected to dangling logic. Logic that only feeds a dangling port will be removed. ;
+----------+--------+----------+-------------------------------------------------------------------------------------+


+-----------------------------------------------------+
; Post-Synthesis Netlist Statistics for Top Partition ;
+--------------------+--------------------------------+
; Type               ; Count                          ;
+--------------------+--------------------------------+
; boundary_port      ; 185                            ;
; cycloneiii_io_obuf ; 10                             ;
;                    ;                                ;
; Max LUT depth      ; 0.00                           ;
; Average LUT depth  ; 0.00                           ;
+--------------------+--------------------------------+


+-------------------------------+
; Elapsed Time Per Partition    ;
+----------------+--------------+
; Partition Name ; Elapsed Time ;
+----------------+--------------+
; Top            ; 00:00:00     ;
+----------------+--------------+


+-------------------------------+
; Analysis & Synthesis Messages ;
+-------------------------------+
Info: *******************************************************************
Info: Running Quartus Prime Analysis & Synthesis
    Info: Version 17.1.0 Build 590 10/25/2017 SJ Lite Edition
    Info: Processing started: Wed Apr 21 14:24:30 2021
Info: Command: quartus_map --read_settings_files=on --write_settings_files=off vhdl-mips -c vhdl-mips
Info (125069): Default assignment values were changed in the current version of the Quartus Prime software -- changes to default assignments values are contained in file c:/intelfpga_lite/17.1/quartus/bin64/assignment_defaults.qdf
Warning (18236): Number of processors has not been specified which may cause overloading on shared machines.  Set the global assignment NUM_PARALLEL_PROCESSORS in your QSF to an appropriate value for best performance.
Info (20030): Parallel compilation is enabled and will use 12 of the 12 processors detected
Info (12021): Found 2 design units, including 1 entities, in source file /documents/_uah/vlsi/vhdl-mips/sign_extend.vhd
    Info (12022): Found design unit 1: sign_extend-behav File: D:/Documents/_UAH/VLSI/vhdl-mips/sign_extend.vhd Line: 13
    Info (12023): Found entity 1: sign_extend File: D:/Documents/_UAH/VLSI/vhdl-mips/sign_extend.vhd Line: 5
Info (12021): Found 2 design units, including 1 entities, in source file /documents/_uah/vlsi/vhdl-mips/program_counter.vhd
    Info (12022): Found design unit 1: program_counter-behave File: D:/Documents/_UAH/VLSI/vhdl-mips/program_counter.vhd Line: 19
    Info (12023): Found entity 1: program_counter File: D:/Documents/_UAH/VLSI/vhdl-mips/program_counter.vhd Line: 5
Info (12021): Found 2 design units, including 1 entities, in source file /documents/_uah/vlsi/vhdl-mips/mips.vhd
    Info (12022): Found design unit 1: mips-behave File: D:/Documents/_UAH/VLSI/vhdl-mips/mips.vhd Line: 12
    Info (12023): Found entity 1: mips File: D:/Documents/_UAH/VLSI/vhdl-mips/mips.vhd Line: 4
Info (12021): Found 2 design units, including 1 entities, in source file /documents/_uah/vlsi/vhdl-mips/memory.vhd
    Info (12022): Found design unit 1: memory-behave File: D:/Documents/_UAH/VLSI/vhdl-mips/memory.vhd Line: 18
    Info (12023): Found entity 1: memory File: D:/Documents/_UAH/VLSI/vhdl-mips/memory.vhd Line: 5
Info (12021): Found 2 design units, including 1 entities, in source file /documents/_uah/vlsi/vhdl-mips/datapath.vhd
    Info (12022): Found design unit 1: datapath-behave File: D:/Documents/_UAH/VLSI/vhdl-mips/datapath.vhd Line: 30
    Info (12023): Found entity 1: datapath File: D:/Documents/_UAH/VLSI/vhdl-mips/datapath.vhd Line: 6
Info (12021): Found 2 design units, including 1 entities, in source file /documents/_uah/vlsi/vhdl-mips/control.vhd
    Info (12022): Found design unit 1: control-behave File: D:/Documents/_UAH/VLSI/vhdl-mips/control.vhd Line: 18
    Info (12023): Found entity 1: control File: D:/Documents/_UAH/VLSI/vhdl-mips/control.vhd Line: 5
Info (12021): Found 2 design units, including 1 entities, in source file /documents/_uah/vlsi/vhdl-mips/alu_control.vhd
    Info (12022): Found design unit 1: alu_control-behave File: D:/Documents/_UAH/VLSI/vhdl-mips/alu_control.vhd Line: 12
    Info (12023): Found entity 1: alu_control File: D:/Documents/_UAH/VLSI/vhdl-mips/alu_control.vhd Line: 4
Info (12021): Found 2 design units, including 1 entities, in source file /documents/_uah/vlsi/vhdl-mips/alu.vhd
    Info (12022): Found design unit 1: alu-behave File: D:/Documents/_UAH/VLSI/vhdl-mips/alu.vhd Line: 15
    Info (12023): Found entity 1: alu File: D:/Documents/_UAH/VLSI/vhdl-mips/alu.vhd Line: 5
Info (12021): Found 2 design units, including 1 entities, in source file de10_lite_golden_top.vhd
    Info (12022): Found design unit 1: DE10_LITE_Golden_Top-ppl_type File: D:/Documents/_UAH/VLSI/vhdl-mips/quartus/DE10_LITE_Golden_Top.vhd Line: 69
    Info (12023): Found entity 1: DE10_LITE_Golden_Top File: D:/Documents/_UAH/VLSI/vhdl-mips/quartus/DE10_LITE_Golden_Top.vhd Line: 20
Info (12127): Elaborating entity "DE10_LITE_Golden_Top" for the top level hierarchy
Info (12129): Elaborating entity "mips" using architecture "A:behave" for hierarchy "mips:mips" File: D:/Documents/_UAH/VLSI/vhdl-mips/quartus/DE10_LITE_Golden_Top.vhd Line: 79
Info (12128): Elaborating entity "datapath" for hierarchy "mips:mips|datapath:dp" File: D:/Documents/_UAH/VLSI/vhdl-mips/mips.vhd Line: 55
Info (12128): Elaborating entity "memory" for hierarchy "mips:mips|datapath:dp|memory:memory_inst" File: D:/Documents/_UAH/VLSI/vhdl-mips/datapath.vhd Line: 104
Info (12128): Elaborating entity "program_counter" for hierarchy "mips:mips|datapath:dp|program_counter:PC_inst" File: D:/Documents/_UAH/VLSI/vhdl-mips/datapath.vhd Line: 117
Info (12128): Elaborating entity "sign_extend" for hierarchy "mips:mips|datapath:dp|sign_extend:se" File: D:/Documents/_UAH/VLSI/vhdl-mips/datapath.vhd Line: 180
Info (12128): Elaborating entity "alu" for hierarchy "mips:mips|datapath:dp|alu:alu_ints" File: D:/Documents/_UAH/VLSI/vhdl-mips/datapath.vhd Line: 199
Info (12129): Elaborating entity "control" using architecture "A:behave" for hierarchy "mips:mips|control:ctrl" File: D:/Documents/_UAH/VLSI/vhdl-mips/mips.vhd Line: 63
Info (12129): Elaborating entity "alu_control" using architecture "A:behave" for hierarchy "mips:mips|alu_control:alu_control" File: D:/Documents/_UAH/VLSI/vhdl-mips/mips.vhd Line: 83
Warning (13034): The following nodes have both tri-state and non-tri-state drivers
    Warning (13035): Inserted always-enabled tri-state buffer between "LEDR[0]" and its non-tri-state driver. File: D:/Documents/_UAH/VLSI/vhdl-mips/quartus/DE10_LITE_Golden_Top.vhd Line: 53
Warning (13039): The following bidirectional pins have no drivers
    Warning (13040): bidirectional pin "LEDR[9]" has no driver File: D:/Documents/_UAH/VLSI/vhdl-mips/quartus/DE10_LITE_Golden_Top.vhd Line: 53
    Warning (13040): bidirectional pin "LEDR[8]" has no driver File: D:/Documents/_UAH/VLSI/vhdl-mips/quartus/DE10_LITE_Golden_Top.vhd Line: 53
    Warning (13040): bidirectional pin "LEDR[7]" has no driver File: D:/Documents/_UAH/VLSI/vhdl-mips/quartus/DE10_LITE_Golden_Top.vhd Line: 53
    Warning (13040): bidirectional pin "LEDR[6]" has no driver File: D:/Documents/_UAH/VLSI/vhdl-mips/quartus/DE10_LITE_Golden_Top.vhd Line: 53
    Warning (13040): bidirectional pin "LEDR[5]" has no driver File: D:/Documents/_UAH/VLSI/vhdl-mips/quartus/DE10_LITE_Golden_Top.vhd Line: 53
    Warning (13040): bidirectional pin "LEDR[4]" has no driver File: D:/Documents/_UAH/VLSI/vhdl-mips/quartus/DE10_LITE_Golden_Top.vhd Line: 53
    Warning (13040): bidirectional pin "LEDR[3]" has no driver File: D:/Documents/_UAH/VLSI/vhdl-mips/quartus/DE10_LITE_Golden_Top.vhd Line: 53
    Warning (13040): bidirectional pin "LEDR[2]" has no driver File: D:/Documents/_UAH/VLSI/vhdl-mips/quartus/DE10_LITE_Golden_Top.vhd Line: 53
    Warning (13040): bidirectional pin "LEDR[1]" has no driver File: D:/Documents/_UAH/VLSI/vhdl-mips/quartus/DE10_LITE_Golden_Top.vhd Line: 53
Warning (13009): TRI or OPNDRN buffers permanently enabled
    Warning (13010): Node "LEDR[0]~synth" File: D:/Documents/_UAH/VLSI/vhdl-mips/quartus/DE10_LITE_Golden_Top.vhd Line: 53
Info (16010): Generating hard_block partition "hard_block:auto_generated_inst"
    Info (16011): Adding 0 node(s), including 0 DDIO, 0 PLL, 0 transceiver and 0 LCELL
Warning (21074): Design contains 174 input pin(s) that do not drive logic
    Warning (15610): No output dependent on input pin "ADC_CLK_10" File: D:/Documents/_UAH/VLSI/vhdl-mips/quartus/DE10_LITE_Golden_Top.vhd Line: 25
    Warning (15610): No output dependent on input pin "MAX10_CLK1_50" File: D:/Documents/_UAH/VLSI/vhdl-mips/quartus/DE10_LITE_Golden_Top.vhd Line: 26
    Warning (15610): No output dependent on input pin "MAX10_CLK2_50" File: D:/Documents/_UAH/VLSI/vhdl-mips/quartus/DE10_LITE_Golden_Top.vhd Line: 27
    Warning (15610): No output dependent on input pin "DRAM_CAS_N" File: D:/Documents/_UAH/VLSI/vhdl-mips/quartus/DE10_LITE_Golden_Top.vhd Line: 28
    Warning (15610): No output dependent on input pin "DRAM_CKE" File: D:/Documents/_UAH/VLSI/vhdl-mips/quartus/DE10_LITE_Golden_Top.vhd Line: 29
    Warning (15610): No output dependent on input pin "DRAM_CLK" File: D:/Documents/_UAH/VLSI/vhdl-mips/quartus/DE10_LITE_Golden_Top.vhd Line: 30
    Warning (15610): No output dependent on input pin "DRAM_CS_N" File: D:/Documents/_UAH/VLSI/vhdl-mips/quartus/DE10_LITE_Golden_Top.vhd Line: 31
    Warning (15610): No output dependent on input pin "DRAM_LDQM" File: D:/Documents/_UAH/VLSI/vhdl-mips/quartus/DE10_LITE_Golden_Top.vhd Line: 32
    Warning (15610): No output dependent on input pin "DRAM_RAS_N" File: D:/Documents/_UAH/VLSI/vhdl-mips/quartus/DE10_LITE_Golden_Top.vhd Line: 33
    Warning (15610): No output dependent on input pin "DRAM_UDQM" File: D:/Documents/_UAH/VLSI/vhdl-mips/quartus/DE10_LITE_Golden_Top.vhd Line: 34
    Warning (15610): No output dependent on input pin "DRAM_WE_N" File: D:/Documents/_UAH/VLSI/vhdl-mips/quartus/DE10_LITE_Golden_Top.vhd Line: 35
    Warning (15610): No output dependent on input pin "VGA_HS" File: D:/Documents/_UAH/VLSI/vhdl-mips/quartus/DE10_LITE_Golden_Top.vhd Line: 36
    Warning (15610): No output dependent on input pin "VGA_VS" File: D:/Documents/_UAH/VLSI/vhdl-mips/quartus/DE10_LITE_Golden_Top.vhd Line: 37
    Warning (15610): No output dependent on input pin "GSENSOR_CS_N" File: D:/Documents/_UAH/VLSI/vhdl-mips/quartus/DE10_LITE_Golden_Top.vhd Line: 38
    Warning (15610): No output dependent on input pin "GSENSOR_SCLK" File: D:/Documents/_UAH/VLSI/vhdl-mips/quartus/DE10_LITE_Golden_Top.vhd Line: 39
    Warning (15610): No output dependent on input pin "GSENSOR_SDI" File: D:/Documents/_UAH/VLSI/vhdl-mips/quartus/DE10_LITE_Golden_Top.vhd Line: 40
    Warning (15610): No output dependent on input pin "GSENSOR_SDO" File: D:/Documents/_UAH/VLSI/vhdl-mips/quartus/DE10_LITE_Golden_Top.vhd Line: 41
    Warning (15610): No output dependent on input pin "ARDUINO_RESET_N" File: D:/Documents/_UAH/VLSI/vhdl-mips/quartus/DE10_LITE_Golden_Top.vhd Line: 42
    Warning (15610): No output dependent on input pin "DRAM_ADDR[12]" File: D:/Documents/_UAH/VLSI/vhdl-mips/quartus/DE10_LITE_Golden_Top.vhd Line: 43
    Warning (15610): No output dependent on input pin "DRAM_ADDR[11]" File: D:/Documents/_UAH/VLSI/vhdl-mips/quartus/DE10_LITE_Golden_Top.vhd Line: 43
    Warning (15610): No output dependent on input pin "DRAM_ADDR[10]" File: D:/Documents/_UAH/VLSI/vhdl-mips/quartus/DE10_LITE_Golden_Top.vhd Line: 43
    Warning (15610): No output dependent on input pin "DRAM_ADDR[9]" File: D:/Documents/_UAH/VLSI/vhdl-mips/quartus/DE10_LITE_Golden_Top.vhd Line: 43
    Warning (15610): No output dependent on input pin "DRAM_ADDR[8]" File: D:/Documents/_UAH/VLSI/vhdl-mips/quartus/DE10_LITE_Golden_Top.vhd Line: 43
    Warning (15610): No output dependent on input pin "DRAM_ADDR[7]" File: D:/Documents/_UAH/VLSI/vhdl-mips/quartus/DE10_LITE_Golden_Top.vhd Line: 43
    Warning (15610): No output dependent on input pin "DRAM_ADDR[6]" File: D:/Documents/_UAH/VLSI/vhdl-mips/quartus/DE10_LITE_Golden_Top.vhd Line: 43
    Warning (15610): No output dependent on input pin "DRAM_ADDR[5]" File: D:/Documents/_UAH/VLSI/vhdl-mips/quartus/DE10_LITE_Golden_Top.vhd Line: 43
    Warning (15610): No output dependent on input pin "DRAM_ADDR[4]" File: D:/Documents/_UAH/VLSI/vhdl-mips/quartus/DE10_LITE_Golden_Top.vhd Line: 43
    Warning (15610): No output dependent on input pin "DRAM_ADDR[3]" File: D:/Documents/_UAH/VLSI/vhdl-mips/quartus/DE10_LITE_Golden_Top.vhd Line: 43
    Warning (15610): No output dependent on input pin "DRAM_ADDR[2]" File: D:/Documents/_UAH/VLSI/vhdl-mips/quartus/DE10_LITE_Golden_Top.vhd Line: 43
    Warning (15610): No output dependent on input pin "DRAM_ADDR[1]" File: D:/Documents/_UAH/VLSI/vhdl-mips/quartus/DE10_LITE_Golden_Top.vhd Line: 43
    Warning (15610): No output dependent on input pin "DRAM_ADDR[0]" File: D:/Documents/_UAH/VLSI/vhdl-mips/quartus/DE10_LITE_Golden_Top.vhd Line: 43
    Warning (15610): No output dependent on input pin "DRAM_BA[1]" File: D:/Documents/_UAH/VLSI/vhdl-mips/quartus/DE10_LITE_Golden_Top.vhd Line: 44
    Warning (15610): No output dependent on input pin "DRAM_BA[0]" File: D:/Documents/_UAH/VLSI/vhdl-mips/quartus/DE10_LITE_Golden_Top.vhd Line: 44
    Warning (15610): No output dependent on input pin "DRAM_DQ[15]" File: D:/Documents/_UAH/VLSI/vhdl-mips/quartus/DE10_LITE_Golden_Top.vhd Line: 45
    Warning (15610): No output dependent on input pin "DRAM_DQ[14]" File: D:/Documents/_UAH/VLSI/vhdl-mips/quartus/DE10_LITE_Golden_Top.vhd Line: 45
    Warning (15610): No output dependent on input pin "DRAM_DQ[13]" File: D:/Documents/_UAH/VLSI/vhdl-mips/quartus/DE10_LITE_Golden_Top.vhd Line: 45
    Warning (15610): No output dependent on input pin "DRAM_DQ[12]" File: D:/Documents/_UAH/VLSI/vhdl-mips/quartus/DE10_LITE_Golden_Top.vhd Line: 45
    Warning (15610): No output dependent on input pin "DRAM_DQ[11]" File: D:/Documents/_UAH/VLSI/vhdl-mips/quartus/DE10_LITE_Golden_Top.vhd Line: 45
    Warning (15610): No output dependent on input pin "DRAM_DQ[10]" File: D:/Documents/_UAH/VLSI/vhdl-mips/quartus/DE10_LITE_Golden_Top.vhd Line: 45
    Warning (15610): No output dependent on input pin "DRAM_DQ[9]" File: D:/Documents/_UAH/VLSI/vhdl-mips/quartus/DE10_LITE_Golden_Top.vhd Line: 45
    Warning (15610): No output dependent on input pin "DRAM_DQ[8]" File: D:/Documents/_UAH/VLSI/vhdl-mips/quartus/DE10_LITE_Golden_Top.vhd Line: 45
    Warning (15610): No output dependent on input pin "DRAM_DQ[7]" File: D:/Documents/_UAH/VLSI/vhdl-mips/quartus/DE10_LITE_Golden_Top.vhd Line: 45
    Warning (15610): No output dependent on input pin "DRAM_DQ[6]" File: D:/Documents/_UAH/VLSI/vhdl-mips/quartus/DE10_LITE_Golden_Top.vhd Line: 45
    Warning (15610): No output dependent on input pin "DRAM_DQ[5]" File: D:/Documents/_UAH/VLSI/vhdl-mips/quartus/DE10_LITE_Golden_Top.vhd Line: 45
    Warning (15610): No output dependent on input pin "DRAM_DQ[4]" File: D:/Documents/_UAH/VLSI/vhdl-mips/quartus/DE10_LITE_Golden_Top.vhd Line: 45
    Warning (15610): No output dependent on input pin "DRAM_DQ[3]" File: D:/Documents/_UAH/VLSI/vhdl-mips/quartus/DE10_LITE_Golden_Top.vhd Line: 45
    Warning (15610): No output dependent on input pin "DRAM_DQ[2]" File: D:/Documents/_UAH/VLSI/vhdl-mips/quartus/DE10_LITE_Golden_Top.vhd Line: 45
    Warning (15610): No output dependent on input pin "DRAM_DQ[1]" File: D:/Documents/_UAH/VLSI/vhdl-mips/quartus/DE10_LITE_Golden_Top.vhd Line: 45
    Warning (15610): No output dependent on input pin "DRAM_DQ[0]" File: D:/Documents/_UAH/VLSI/vhdl-mips/quartus/DE10_LITE_Golden_Top.vhd Line: 45
    Warning (15610): No output dependent on input pin "HEX0[7]" File: D:/Documents/_UAH/VLSI/vhdl-mips/quartus/DE10_LITE_Golden_Top.vhd Line: 46
    Warning (15610): No output dependent on input pin "HEX0[6]" File: D:/Documents/_UAH/VLSI/vhdl-mips/quartus/DE10_LITE_Golden_Top.vhd Line: 46
    Warning (15610): No output dependent on input pin "HEX0[5]" File: D:/Documents/_UAH/VLSI/vhdl-mips/quartus/DE10_LITE_Golden_Top.vhd Line: 46
    Warning (15610): No output dependent on input pin "HEX0[4]" File: D:/Documents/_UAH/VLSI/vhdl-mips/quartus/DE10_LITE_Golden_Top.vhd Line: 46
    Warning (15610): No output dependent on input pin "HEX0[3]" File: D:/Documents/_UAH/VLSI/vhdl-mips/quartus/DE10_LITE_Golden_Top.vhd Line: 46
    Warning (15610): No output dependent on input pin "HEX0[2]" File: D:/Documents/_UAH/VLSI/vhdl-mips/quartus/DE10_LITE_Golden_Top.vhd Line: 46
    Warning (15610): No output dependent on input pin "HEX0[1]" File: D:/Documents/_UAH/VLSI/vhdl-mips/quartus/DE10_LITE_Golden_Top.vhd Line: 46
    Warning (15610): No output dependent on input pin "HEX0[0]" File: D:/Documents/_UAH/VLSI/vhdl-mips/quartus/DE10_LITE_Golden_Top.vhd Line: 46
    Warning (15610): No output dependent on input pin "HEX1[7]" File: D:/Documents/_UAH/VLSI/vhdl-mips/quartus/DE10_LITE_Golden_Top.vhd Line: 47
    Warning (15610): No output dependent on input pin "HEX1[6]" File: D:/Documents/_UAH/VLSI/vhdl-mips/quartus/DE10_LITE_Golden_Top.vhd Line: 47
    Warning (15610): No output dependent on input pin "HEX1[5]" File: D:/Documents/_UAH/VLSI/vhdl-mips/quartus/DE10_LITE_Golden_Top.vhd Line: 47
    Warning (15610): No output dependent on input pin "HEX1[4]" File: D:/Documents/_UAH/VLSI/vhdl-mips/quartus/DE10_LITE_Golden_Top.vhd Line: 47
    Warning (15610): No output dependent on input pin "HEX1[3]" File: D:/Documents/_UAH/VLSI/vhdl-mips/quartus/DE10_LITE_Golden_Top.vhd Line: 47
    Warning (15610): No output dependent on input pin "HEX1[2]" File: D:/Documents/_UAH/VLSI/vhdl-mips/quartus/DE10_LITE_Golden_Top.vhd Line: 47
    Warning (15610): No output dependent on input pin "HEX1[1]" File: D:/Documents/_UAH/VLSI/vhdl-mips/quartus/DE10_LITE_Golden_Top.vhd Line: 47
    Warning (15610): No output dependent on input pin "HEX1[0]" File: D:/Documents/_UAH/VLSI/vhdl-mips/quartus/DE10_LITE_Golden_Top.vhd Line: 47
    Warning (15610): No output dependent on input pin "HEX2[7]" File: D:/Documents/_UAH/VLSI/vhdl-mips/quartus/DE10_LITE_Golden_Top.vhd Line: 48
    Warning (15610): No output dependent on input pin "HEX2[6]" File: D:/Documents/_UAH/VLSI/vhdl-mips/quartus/DE10_LITE_Golden_Top.vhd Line: 48
    Warning (15610): No output dependent on input pin "HEX2[5]" File: D:/Documents/_UAH/VLSI/vhdl-mips/quartus/DE10_LITE_Golden_Top.vhd Line: 48
    Warning (15610): No output dependent on input pin "HEX2[4]" File: D:/Documents/_UAH/VLSI/vhdl-mips/quartus/DE10_LITE_Golden_Top.vhd Line: 48
    Warning (15610): No output dependent on input pin "HEX2[3]" File: D:/Documents/_UAH/VLSI/vhdl-mips/quartus/DE10_LITE_Golden_Top.vhd Line: 48
    Warning (15610): No output dependent on input pin "HEX2[2]" File: D:/Documents/_UAH/VLSI/vhdl-mips/quartus/DE10_LITE_Golden_Top.vhd Line: 48
    Warning (15610): No output dependent on input pin "HEX2[1]" File: D:/Documents/_UAH/VLSI/vhdl-mips/quartus/DE10_LITE_Golden_Top.vhd Line: 48
    Warning (15610): No output dependent on input pin "HEX2[0]" File: D:/Documents/_UAH/VLSI/vhdl-mips/quartus/DE10_LITE_Golden_Top.vhd Line: 48
    Warning (15610): No output dependent on input pin "HEX3[7]" File: D:/Documents/_UAH/VLSI/vhdl-mips/quartus/DE10_LITE_Golden_Top.vhd Line: 49
    Warning (15610): No output dependent on input pin "HEX3[6]" File: D:/Documents/_UAH/VLSI/vhdl-mips/quartus/DE10_LITE_Golden_Top.vhd Line: 49
    Warning (15610): No output dependent on input pin "HEX3[5]" File: D:/Documents/_UAH/VLSI/vhdl-mips/quartus/DE10_LITE_Golden_Top.vhd Line: 49
    Warning (15610): No output dependent on input pin "HEX3[4]" File: D:/Documents/_UAH/VLSI/vhdl-mips/quartus/DE10_LITE_Golden_Top.vhd Line: 49
    Warning (15610): No output dependent on input pin "HEX3[3]" File: D:/Documents/_UAH/VLSI/vhdl-mips/quartus/DE10_LITE_Golden_Top.vhd Line: 49
    Warning (15610): No output dependent on input pin "HEX3[2]" File: D:/Documents/_UAH/VLSI/vhdl-mips/quartus/DE10_LITE_Golden_Top.vhd Line: 49
    Warning (15610): No output dependent on input pin "HEX3[1]" File: D:/Documents/_UAH/VLSI/vhdl-mips/quartus/DE10_LITE_Golden_Top.vhd Line: 49
    Warning (15610): No output dependent on input pin "HEX3[0]" File: D:/Documents/_UAH/VLSI/vhdl-mips/quartus/DE10_LITE_Golden_Top.vhd Line: 49
    Warning (15610): No output dependent on input pin "HEX4[7]" File: D:/Documents/_UAH/VLSI/vhdl-mips/quartus/DE10_LITE_Golden_Top.vhd Line: 50
    Warning (15610): No output dependent on input pin "HEX4[6]" File: D:/Documents/_UAH/VLSI/vhdl-mips/quartus/DE10_LITE_Golden_Top.vhd Line: 50
    Warning (15610): No output dependent on input pin "HEX4[5]" File: D:/Documents/_UAH/VLSI/vhdl-mips/quartus/DE10_LITE_Golden_Top.vhd Line: 50
    Warning (15610): No output dependent on input pin "HEX4[4]" File: D:/Documents/_UAH/VLSI/vhdl-mips/quartus/DE10_LITE_Golden_Top.vhd Line: 50
    Warning (15610): No output dependent on input pin "HEX4[3]" File: D:/Documents/_UAH/VLSI/vhdl-mips/quartus/DE10_LITE_Golden_Top.vhd Line: 50
    Warning (15610): No output dependent on input pin "HEX4[2]" File: D:/Documents/_UAH/VLSI/vhdl-mips/quartus/DE10_LITE_Golden_Top.vhd Line: 50
    Warning (15610): No output dependent on input pin "HEX4[1]" File: D:/Documents/_UAH/VLSI/vhdl-mips/quartus/DE10_LITE_Golden_Top.vhd Line: 50
    Warning (15610): No output dependent on input pin "HEX4[0]" File: D:/Documents/_UAH/VLSI/vhdl-mips/quartus/DE10_LITE_Golden_Top.vhd Line: 50
    Warning (15610): No output dependent on input pin "HEX5[7]" File: D:/Documents/_UAH/VLSI/vhdl-mips/quartus/DE10_LITE_Golden_Top.vhd Line: 51
    Warning (15610): No output dependent on input pin "HEX5[6]" File: D:/Documents/_UAH/VLSI/vhdl-mips/quartus/DE10_LITE_Golden_Top.vhd Line: 51
    Warning (15610): No output dependent on input pin "HEX5[5]" File: D:/Documents/_UAH/VLSI/vhdl-mips/quartus/DE10_LITE_Golden_Top.vhd Line: 51
    Warning (15610): No output dependent on input pin "HEX5[4]" File: D:/Documents/_UAH/VLSI/vhdl-mips/quartus/DE10_LITE_Golden_Top.vhd Line: 51
    Warning (15610): No output dependent on input pin "HEX5[3]" File: D:/Documents/_UAH/VLSI/vhdl-mips/quartus/DE10_LITE_Golden_Top.vhd Line: 51
    Warning (15610): No output dependent on input pin "HEX5[2]" File: D:/Documents/_UAH/VLSI/vhdl-mips/quartus/DE10_LITE_Golden_Top.vhd Line: 51
    Warning (15610): No output dependent on input pin "HEX5[1]" File: D:/Documents/_UAH/VLSI/vhdl-mips/quartus/DE10_LITE_Golden_Top.vhd Line: 51
    Warning (15610): No output dependent on input pin "HEX5[0]" File: D:/Documents/_UAH/VLSI/vhdl-mips/quartus/DE10_LITE_Golden_Top.vhd Line: 51
    Warning (15610): No output dependent on input pin "KEY[1]" File: D:/Documents/_UAH/VLSI/vhdl-mips/quartus/DE10_LITE_Golden_Top.vhd Line: 52
    Warning (15610): No output dependent on input pin "KEY[0]" File: D:/Documents/_UAH/VLSI/vhdl-mips/quartus/DE10_LITE_Golden_Top.vhd Line: 52
    Warning (15610): No output dependent on input pin "SW[9]" File: D:/Documents/_UAH/VLSI/vhdl-mips/quartus/DE10_LITE_Golden_Top.vhd Line: 54
    Warning (15610): No output dependent on input pin "SW[8]" File: D:/Documents/_UAH/VLSI/vhdl-mips/quartus/DE10_LITE_Golden_Top.vhd Line: 54
    Warning (15610): No output dependent on input pin "SW[7]" File: D:/Documents/_UAH/VLSI/vhdl-mips/quartus/DE10_LITE_Golden_Top.vhd Line: 54
    Warning (15610): No output dependent on input pin "SW[6]" File: D:/Documents/_UAH/VLSI/vhdl-mips/quartus/DE10_LITE_Golden_Top.vhd Line: 54
    Warning (15610): No output dependent on input pin "SW[5]" File: D:/Documents/_UAH/VLSI/vhdl-mips/quartus/DE10_LITE_Golden_Top.vhd Line: 54
    Warning (15610): No output dependent on input pin "SW[4]" File: D:/Documents/_UAH/VLSI/vhdl-mips/quartus/DE10_LITE_Golden_Top.vhd Line: 54
    Warning (15610): No output dependent on input pin "SW[3]" File: D:/Documents/_UAH/VLSI/vhdl-mips/quartus/DE10_LITE_Golden_Top.vhd Line: 54
    Warning (15610): No output dependent on input pin "SW[2]" File: D:/Documents/_UAH/VLSI/vhdl-mips/quartus/DE10_LITE_Golden_Top.vhd Line: 54
    Warning (15610): No output dependent on input pin "SW[1]" File: D:/Documents/_UAH/VLSI/vhdl-mips/quartus/DE10_LITE_Golden_Top.vhd Line: 54
    Warning (15610): No output dependent on input pin "VGA_B[3]" File: D:/Documents/_UAH/VLSI/vhdl-mips/quartus/DE10_LITE_Golden_Top.vhd Line: 55
    Warning (15610): No output dependent on input pin "VGA_B[2]" File: D:/Documents/_UAH/VLSI/vhdl-mips/quartus/DE10_LITE_Golden_Top.vhd Line: 55
    Warning (15610): No output dependent on input pin "VGA_B[1]" File: D:/Documents/_UAH/VLSI/vhdl-mips/quartus/DE10_LITE_Golden_Top.vhd Line: 55
    Warning (15610): No output dependent on input pin "VGA_B[0]" File: D:/Documents/_UAH/VLSI/vhdl-mips/quartus/DE10_LITE_Golden_Top.vhd Line: 55
    Warning (15610): No output dependent on input pin "VGA_G[3]" File: D:/Documents/_UAH/VLSI/vhdl-mips/quartus/DE10_LITE_Golden_Top.vhd Line: 56
    Warning (15610): No output dependent on input pin "VGA_G[2]" File: D:/Documents/_UAH/VLSI/vhdl-mips/quartus/DE10_LITE_Golden_Top.vhd Line: 56
    Warning (15610): No output dependent on input pin "VGA_G[1]" File: D:/Documents/_UAH/VLSI/vhdl-mips/quartus/DE10_LITE_Golden_Top.vhd Line: 56
    Warning (15610): No output dependent on input pin "VGA_G[0]" File: D:/Documents/_UAH/VLSI/vhdl-mips/quartus/DE10_LITE_Golden_Top.vhd Line: 56
    Warning (15610): No output dependent on input pin "VGA_R[3]" File: D:/Documents/_UAH/VLSI/vhdl-mips/quartus/DE10_LITE_Golden_Top.vhd Line: 57
    Warning (15610): No output dependent on input pin "VGA_R[2]" File: D:/Documents/_UAH/VLSI/vhdl-mips/quartus/DE10_LITE_Golden_Top.vhd Line: 57
    Warning (15610): No output dependent on input pin "VGA_R[1]" File: D:/Documents/_UAH/VLSI/vhdl-mips/quartus/DE10_LITE_Golden_Top.vhd Line: 57
    Warning (15610): No output dependent on input pin "VGA_R[0]" File: D:/Documents/_UAH/VLSI/vhdl-mips/quartus/DE10_LITE_Golden_Top.vhd Line: 57
    Warning (15610): No output dependent on input pin "GSENSOR_INT[2]" File: D:/Documents/_UAH/VLSI/vhdl-mips/quartus/DE10_LITE_Golden_Top.vhd Line: 58
    Warning (15610): No output dependent on input pin "GSENSOR_INT[1]" File: D:/Documents/_UAH/VLSI/vhdl-mips/quartus/DE10_LITE_Golden_Top.vhd Line: 58
    Warning (15610): No output dependent on input pin "ARDUINO_IO[15]" File: D:/Documents/_UAH/VLSI/vhdl-mips/quartus/DE10_LITE_Golden_Top.vhd Line: 59
    Warning (15610): No output dependent on input pin "ARDUINO_IO[14]" File: D:/Documents/_UAH/VLSI/vhdl-mips/quartus/DE10_LITE_Golden_Top.vhd Line: 59
    Warning (15610): No output dependent on input pin "ARDUINO_IO[13]" File: D:/Documents/_UAH/VLSI/vhdl-mips/quartus/DE10_LITE_Golden_Top.vhd Line: 59
    Warning (15610): No output dependent on input pin "ARDUINO_IO[12]" File: D:/Documents/_UAH/VLSI/vhdl-mips/quartus/DE10_LITE_Golden_Top.vhd Line: 59
    Warning (15610): No output dependent on input pin "ARDUINO_IO[11]" File: D:/Documents/_UAH/VLSI/vhdl-mips/quartus/DE10_LITE_Golden_Top.vhd Line: 59
    Warning (15610): No output dependent on input pin "ARDUINO_IO[10]" File: D:/Documents/_UAH/VLSI/vhdl-mips/quartus/DE10_LITE_Golden_Top.vhd Line: 59
    Warning (15610): No output dependent on input pin "ARDUINO_IO[9]" File: D:/Documents/_UAH/VLSI/vhdl-mips/quartus/DE10_LITE_Golden_Top.vhd Line: 59
    Warning (15610): No output dependent on input pin "ARDUINO_IO[8]" File: D:/Documents/_UAH/VLSI/vhdl-mips/quartus/DE10_LITE_Golden_Top.vhd Line: 59
    Warning (15610): No output dependent on input pin "ARDUINO_IO[7]" File: D:/Documents/_UAH/VLSI/vhdl-mips/quartus/DE10_LITE_Golden_Top.vhd Line: 59
    Warning (15610): No output dependent on input pin "ARDUINO_IO[6]" File: D:/Documents/_UAH/VLSI/vhdl-mips/quartus/DE10_LITE_Golden_Top.vhd Line: 59
    Warning (15610): No output dependent on input pin "ARDUINO_IO[5]" File: D:/Documents/_UAH/VLSI/vhdl-mips/quartus/DE10_LITE_Golden_Top.vhd Line: 59
    Warning (15610): No output dependent on input pin "ARDUINO_IO[4]" File: D:/Documents/_UAH/VLSI/vhdl-mips/quartus/DE10_LITE_Golden_Top.vhd Line: 59
    Warning (15610): No output dependent on input pin "ARDUINO_IO[3]" File: D:/Documents/_UAH/VLSI/vhdl-mips/quartus/DE10_LITE_Golden_Top.vhd Line: 59
    Warning (15610): No output dependent on input pin "ARDUINO_IO[2]" File: D:/Documents/_UAH/VLSI/vhdl-mips/quartus/DE10_LITE_Golden_Top.vhd Line: 59
    Warning (15610): No output dependent on input pin "ARDUINO_IO[1]" File: D:/Documents/_UAH/VLSI/vhdl-mips/quartus/DE10_LITE_Golden_Top.vhd Line: 59
    Warning (15610): No output dependent on input pin "ARDUINO_IO[0]" File: D:/Documents/_UAH/VLSI/vhdl-mips/quartus/DE10_LITE_Golden_Top.vhd Line: 59
    Warning (15610): No output dependent on input pin "GPIO[35]" File: D:/Documents/_UAH/VLSI/vhdl-mips/quartus/DE10_LITE_Golden_Top.vhd Line: 60
    Warning (15610): No output dependent on input pin "GPIO[34]" File: D:/Documents/_UAH/VLSI/vhdl-mips/quartus/DE10_LITE_Golden_Top.vhd Line: 60
    Warning (15610): No output dependent on input pin "GPIO[33]" File: D:/Documents/_UAH/VLSI/vhdl-mips/quartus/DE10_LITE_Golden_Top.vhd Line: 60
    Warning (15610): No output dependent on input pin "GPIO[32]" File: D:/Documents/_UAH/VLSI/vhdl-mips/quartus/DE10_LITE_Golden_Top.vhd Line: 60
    Warning (15610): No output dependent on input pin "GPIO[31]" File: D:/Documents/_UAH/VLSI/vhdl-mips/quartus/DE10_LITE_Golden_Top.vhd Line: 60
    Warning (15610): No output dependent on input pin "GPIO[30]" File: D:/Documents/_UAH/VLSI/vhdl-mips/quartus/DE10_LITE_Golden_Top.vhd Line: 60
    Warning (15610): No output dependent on input pin "GPIO[29]" File: D:/Documents/_UAH/VLSI/vhdl-mips/quartus/DE10_LITE_Golden_Top.vhd Line: 60
    Warning (15610): No output dependent on input pin "GPIO[28]" File: D:/Documents/_UAH/VLSI/vhdl-mips/quartus/DE10_LITE_Golden_Top.vhd Line: 60
    Warning (15610): No output dependent on input pin "GPIO[27]" File: D:/Documents/_UAH/VLSI/vhdl-mips/quartus/DE10_LITE_Golden_Top.vhd Line: 60
    Warning (15610): No output dependent on input pin "GPIO[26]" File: D:/Documents/_UAH/VLSI/vhdl-mips/quartus/DE10_LITE_Golden_Top.vhd Line: 60
    Warning (15610): No output dependent on input pin "GPIO[25]" File: D:/Documents/_UAH/VLSI/vhdl-mips/quartus/DE10_LITE_Golden_Top.vhd Line: 60
    Warning (15610): No output dependent on input pin "GPIO[24]" File: D:/Documents/_UAH/VLSI/vhdl-mips/quartus/DE10_LITE_Golden_Top.vhd Line: 60
    Warning (15610): No output dependent on input pin "GPIO[23]" File: D:/Documents/_UAH/VLSI/vhdl-mips/quartus/DE10_LITE_Golden_Top.vhd Line: 60
    Warning (15610): No output dependent on input pin "GPIO[22]" File: D:/Documents/_UAH/VLSI/vhdl-mips/quartus/DE10_LITE_Golden_Top.vhd Line: 60
    Warning (15610): No output dependent on input pin "GPIO[21]" File: D:/Documents/_UAH/VLSI/vhdl-mips/quartus/DE10_LITE_Golden_Top.vhd Line: 60
    Warning (15610): No output dependent on input pin "GPIO[20]" File: D:/Documents/_UAH/VLSI/vhdl-mips/quartus/DE10_LITE_Golden_Top.vhd Line: 60
    Warning (15610): No output dependent on input pin "GPIO[19]" File: D:/Documents/_UAH/VLSI/vhdl-mips/quartus/DE10_LITE_Golden_Top.vhd Line: 60
    Warning (15610): No output dependent on input pin "GPIO[18]" File: D:/Documents/_UAH/VLSI/vhdl-mips/quartus/DE10_LITE_Golden_Top.vhd Line: 60
    Warning (15610): No output dependent on input pin "GPIO[17]" File: D:/Documents/_UAH/VLSI/vhdl-mips/quartus/DE10_LITE_Golden_Top.vhd Line: 60
    Warning (15610): No output dependent on input pin "GPIO[16]" File: D:/Documents/_UAH/VLSI/vhdl-mips/quartus/DE10_LITE_Golden_Top.vhd Line: 60
    Warning (15610): No output dependent on input pin "GPIO[15]" File: D:/Documents/_UAH/VLSI/vhdl-mips/quartus/DE10_LITE_Golden_Top.vhd Line: 60
    Warning (15610): No output dependent on input pin "GPIO[14]" File: D:/Documents/_UAH/VLSI/vhdl-mips/quartus/DE10_LITE_Golden_Top.vhd Line: 60
    Warning (15610): No output dependent on input pin "GPIO[13]" File: D:/Documents/_UAH/VLSI/vhdl-mips/quartus/DE10_LITE_Golden_Top.vhd Line: 60
    Warning (15610): No output dependent on input pin "GPIO[12]" File: D:/Documents/_UAH/VLSI/vhdl-mips/quartus/DE10_LITE_Golden_Top.vhd Line: 60
    Warning (15610): No output dependent on input pin "GPIO[11]" File: D:/Documents/_UAH/VLSI/vhdl-mips/quartus/DE10_LITE_Golden_Top.vhd Line: 60
    Warning (15610): No output dependent on input pin "GPIO[10]" File: D:/Documents/_UAH/VLSI/vhdl-mips/quartus/DE10_LITE_Golden_Top.vhd Line: 60
    Warning (15610): No output dependent on input pin "GPIO[9]" File: D:/Documents/_UAH/VLSI/vhdl-mips/quartus/DE10_LITE_Golden_Top.vhd Line: 60
    Warning (15610): No output dependent on input pin "GPIO[8]" File: D:/Documents/_UAH/VLSI/vhdl-mips/quartus/DE10_LITE_Golden_Top.vhd Line: 60
    Warning (15610): No output dependent on input pin "GPIO[7]" File: D:/Documents/_UAH/VLSI/vhdl-mips/quartus/DE10_LITE_Golden_Top.vhd Line: 60
    Warning (15610): No output dependent on input pin "GPIO[6]" File: D:/Documents/_UAH/VLSI/vhdl-mips/quartus/DE10_LITE_Golden_Top.vhd Line: 60
    Warning (15610): No output dependent on input pin "GPIO[5]" File: D:/Documents/_UAH/VLSI/vhdl-mips/quartus/DE10_LITE_Golden_Top.vhd Line: 60
    Warning (15610): No output dependent on input pin "GPIO[4]" File: D:/Documents/_UAH/VLSI/vhdl-mips/quartus/DE10_LITE_Golden_Top.vhd Line: 60
    Warning (15610): No output dependent on input pin "GPIO[3]" File: D:/Documents/_UAH/VLSI/vhdl-mips/quartus/DE10_LITE_Golden_Top.vhd Line: 60
    Warning (15610): No output dependent on input pin "GPIO[2]" File: D:/Documents/_UAH/VLSI/vhdl-mips/quartus/DE10_LITE_Golden_Top.vhd Line: 60
    Warning (15610): No output dependent on input pin "GPIO[1]" File: D:/Documents/_UAH/VLSI/vhdl-mips/quartus/DE10_LITE_Golden_Top.vhd Line: 60
    Warning (15610): No output dependent on input pin "GPIO[0]" File: D:/Documents/_UAH/VLSI/vhdl-mips/quartus/DE10_LITE_Golden_Top.vhd Line: 60
Info (21057): Implemented 185 device resources after synthesis - the final resource count might be different
    Info (21058): Implemented 175 input pins
    Info (21059): Implemented 0 output pins
    Info (21060): Implemented 10 bidirectional pins
Info: Quartus Prime Analysis & Synthesis was successful. 0 errors, 190 warnings
    Info: Peak virtual memory: 4799 megabytes
    Info: Processing ended: Wed Apr 21 14:24:40 2021
    Info: Elapsed time: 00:00:10
    Info: Total CPU time (on all processors): 00:00:23


